/*C22*/SET SCHEMA PUBLIC
SET DATABASE DEFAULT TABLE TYPE CACHED
CREATE TABLE IF NOT EXISTS blog_meta(uid VARCHAR(36) PRIMARY KEY ,dt BIGINT NOT NULL,updatedt BIGINT NOT NULL,author VARCHAR(64) NOT NULL, title VARCHAR(128) NOT NULL)
CREATE TABLE IF NOT EXISTS blog_content(uid VARCHAR(36) PRIMARY KEY ,updatedt BIGINT NOT NULL,content CLOB(1M))
CREATE TABLE IF NOT EXISTS comment(uid VARCHAR(36) ,seq BIGINT NOT NULL, updatedt BIGINT NOT NULL,content CLOB(1M))
CREATE INDEX comment_uid_seq ON comment(uid,seq)
SET DATABASE DEFAULT TABLE TYPE CACHED
CREATE TABLE IF NOT EXISTS blog_meta(uid VARCHAR(36) PRIMARY KEY ,dt BIGINT NOT NULL,updatedt BIGINT NOT NULL,author VARCHAR(64) NOT NULL, title VARCHAR(128) NOT NULL)
CREATE TABLE IF NOT EXISTS blog_content(uid VARCHAR(36) PRIMARY KEY ,updatedt BIGINT NOT NULL,content CLOB(1M))
CREATE TABLE IF NOT EXISTS comment(uid VARCHAR(36) ,seq BIGINT NOT NULL, updatedt BIGINT NOT NULL,content CLOB(1M))
SET DATABASE DEFAULT TABLE TYPE CACHED
CREATE TABLE IF NOT EXISTS blog_meta(uid VARCHAR(36) PRIMARY KEY ,dt BIGINT NOT NULL,updatedt BIGINT NOT NULL,author VARCHAR(64) NOT NULL, title VARCHAR(128) NOT NULL)
CREATE TABLE IF NOT EXISTS blog_content(uid VARCHAR(36) PRIMARY KEY ,updatedt BIGINT NOT NULL,content CLOB(1M))
CREATE TABLE IF NOT EXISTS comment(uid VARCHAR(36) ,seq BIGINT NOT NULL, updatedt BIGINT NOT NULL,content CLOB(1M))
DISCONNECT
/*C21*/SET SCHEMA PUBLIC
DISCONNECT
/*C20*/SET SCHEMA PUBLIC
DISCONNECT
/*C19*/SET SCHEMA PUBLIC
DISCONNECT
/*C18*/SET SCHEMA PUBLIC
DISCONNECT
/*C17*/SET SCHEMA PUBLIC
DISCONNECT
/*C16*/SET SCHEMA PUBLIC
DISCONNECT
/*C15*/SET SCHEMA PUBLIC
DISCONNECT
/*C14*/SET SCHEMA PUBLIC
DISCONNECT
/*C13*/SET SCHEMA PUBLIC
DISCONNECT
